<?xml version="1.0" encoding="UTF-8"?>
<testsuite name="com.example.domain.ExampleUnitTest" tests="1" skipped="0" failures="0" errors="0" timestamp="2022-04-12T12:52:47" hostname="yuhuigyeong-ui-MacBookPro.local" time="0.0">
  <properties/>
  <testcase name="addition_isCorrect" classname="com.example.domain.ExampleUnitTest" time="0.0"/>
  <system-out><![CDATA[]]></system-out>
  <system-err><![CDATA[]]></system-err>
</testsuite>
