<?xml version="1.0" encoding="UTF-8"?>
<testsuite name="com.example.data.ExampleUnitTest" tests="1" skipped="0" failures="0" errors="0" timestamp="2022-04-15T14:12:38" hostname="yuhuigyeong-ui-MacBookPro.local" time="0.001">
  <properties/>
  <testcase name="addition_isCorrect" classname="com.example.data.ExampleUnitTest" time="0.001"/>
  <system-out><![CDATA[]]></system-out>
  <system-err><![CDATA[]]></system-err>
</testsuite>
